<?xml version="1.0" encoding="UTF-8"?>
<!-- Generated by org.testng.reporters.JUnitXMLReporter -->
<testsuite ignored="16" hostname="Kar" failures="0" tests="1" name="Default test" time="43.656" errors="0" timestamp="2023-04-29T16:21:39 IST">
  <testcase classname="Explore.ExploreTest" name="SMPK_TC_15229" time="6.871"/>
  <testcase classname="Explore.ExploreTest" name="SMPK_TC_3329" time="0.0">
    <ignored/>
  </testcase> <!-- SMPK_TC_3329 -->
  <testcase classname="Explore.ExploreTest" name="SMPK_TC_3335" time="0.0">
    <ignored/>
  </testcase> <!-- SMPK_TC_3335 -->
  <testcase classname="Explore.ExploreTest" name="SMPK_TC_3338" time="0.0">
    <ignored/>
  </testcase> <!-- SMPK_TC_3338 -->
  <testcase classname="Explore.ExploreTest" name="SMPK_TC_3369" time="0.0">
    <ignored/>
  </testcase> <!-- SMPK_TC_3369 -->
  <testcase classname="Explore.ExploreTest" name="SMPK_TC_3375" time="0.0">
    <ignored/>
  </testcase> <!-- SMPK_TC_3375 -->
  <testcase classname="Explore.ExploreTest" name="SMPK_TC_3331" time="0.0">
    <ignored/>
  </testcase> <!-- SMPK_TC_3331 -->
  <testcase classname="Explore.ExploreTest" name="SMPK_TC_15224" time="0.0">
    <ignored/>
  </testcase> <!-- SMPK_TC_15224 -->
  <testcase classname="Explore.ExploreTest" name="SMPK_TC_3332" time="0.0">
    <ignored/>
  </testcase> <!-- SMPK_TC_3332 -->
  <testcase classname="Explore.ExploreTest" name="SMPK_TC_3371" time="0.0">
    <ignored/>
  </testcase> <!-- SMPK_TC_3371 -->
  <testcase classname="Explore.ExploreTest" name="SMPK_TC_15226" time="0.0">
    <ignored/>
  </testcase> <!-- SMPK_TC_15226 -->
  <testcase classname="Explore.ExploreTest" name="SMPK_TC_15223" time="0.0">
    <ignored/>
  </testcase> <!-- SMPK_TC_15223 -->
  <testcase classname="Explore.ExploreTest" name="SMPK_TC_15228" time="0.0">
    <ignored/>
  </testcase> <!-- SMPK_TC_15228 -->
  <testcase classname="Explore.ExploreTest" name="SMPK_TC_15225" time="0.0">
    <ignored/>
  </testcase> <!-- SMPK_TC_15225 -->
  <testcase classname="Explore.ExploreTest" name="SMPK_TC_15222" time="0.0">
    <ignored/>
  </testcase> <!-- SMPK_TC_15222 -->
  <testcase classname="Explore.ExploreTest" name="SMPK_TC_15221" time="0.0">
    <ignored/>
  </testcase> <!-- SMPK_TC_15221 -->
  <testcase classname="Explore.ExploreTest" name="SMPK_TC_15220" time="0.0">
    <ignored/>
  </testcase> <!-- SMPK_TC_15220 -->
</testsuite> <!-- Default test -->
