<?xml version="1.0" encoding="UTF-8"?>
<testng-results ignored="16" total="17" passed="1" failed="0" skipped="0">
  <reporter-output>
  </reporter-output>
  <suite started-at="2023-04-29T16:20:55 IST" name="Default suite" finished-at="2023-04-29T16:21:39 IST" duration-ms="43656">
    <groups>
    </groups>
    <test started-at="2023-04-29T16:20:55 IST" name="Default test" finished-at="2023-04-29T16:21:39 IST" duration-ms="43656">
      <class name="Explore.ExploreTest">
        <test-method is-config="true" signature="start()[pri:0, instance:Explore.ExploreTest@2e3967ea]" started-at="2023-04-29T16:20:55 IST" name="start" finished-at="2023-04-29T16:21:17 IST" duration-ms="22058" status="PASS">
          <reporter-output>
          </reporter-output>
        </test-method> <!-- start -->
        <test-method is-config="true" signature="object()[pri:0, instance:Explore.ExploreTest@2e3967ea]" started-at="2023-04-29T16:21:17 IST" name="object" finished-at="2023-04-29T16:21:30 IST" duration-ms="12834" status="PASS">
          <reporter-output>
          </reporter-output>
        </test-method> <!-- object -->
        <test-method signature="SMPK_TC_15229()[pri:0, instance:Explore.ExploreTest@2e3967ea]" started-at="2023-04-29T16:21:30 IST" name="SMPK_TC_15229" finished-at="2023-04-29T16:21:37 IST" duration-ms="6871" status="PASS">
          <reporter-output>
          </reporter-output>
        </test-method> <!-- SMPK_TC_15229 -->
        <test-method is-config="true" signature="closeApp()[pri:0, instance:Explore.ExploreTest@2e3967ea]" started-at="2023-04-29T16:21:37 IST" name="closeApp" finished-at="2023-04-29T16:21:39 IST" duration-ms="1772" status="PASS">
          <reporter-output>
          </reporter-output>
        </test-method> <!-- closeApp -->
        <test-method is-config="true" signature="stop()[pri:0, instance:Explore.ExploreTest@2e3967ea]" started-at="2023-04-29T16:21:39 IST" name="stop" finished-at="2023-04-29T16:21:39 IST" duration-ms="78" status="PASS">
          <reporter-output>
          </reporter-output>
        </test-method> <!-- stop -->
      </class> <!-- Explore.ExploreTest -->
    </test> <!-- Default test -->
  </suite> <!-- Default suite -->
</testng-results>
